rm -f bin/*.bin
mkdir -p bin/
odin build src -out:bin/pim
./bin/pim
INFO: Image Height =1600, Width=1600
INFO: Initializing raylib 5.0
INFO: Platform backend: DESKTOP (GLFW)
INFO: Supported raylib modules:
INFO:     > rcore:..... loaded (mandatory)
INFO:     > rlgl:...... loaded (mandatory)
INFO:     > rshapes:... loaded (optional)
INFO:     > rtextures:. loaded (optional)
INFO:     > rtext:..... loaded (optional)
INFO:     > rmodels:... loaded (optional)
INFO:     > raudio:.... loaded (optional)
INFO: DISPLAY: Device initialized successfully
INFO:     > Display size: 2560 x 1080
INFO:     > Screen size:  1600 x 1600
INFO:     > Render size:  1600 x 1600
INFO:     > Viewport offsets: 0, 0
INFO: GLAD: OpenGL extensions loaded successfully
INFO: GL: Supported extensions count: 179
INFO: GL: OpenGL device information:
INFO:     > Vendor:   Microsoft Corporation
INFO:     > Renderer: D3D12 (NVIDIA GeForce GTX 1660 SUPER)
INFO:     > Version:  4.2 (Core Profile) Mesa 23.2.1-arch1.2
INFO:     > GLSL:     4.20
INFO: GL: VAO extension detected, VAO functions loaded successfully
INFO: GL: NPOT textures extension detected, full NPOT textures supported
INFO: GL: DXT compressed textures supported
INFO: GL: ETC2/EAC compressed textures supported
INFO: PLATFORM: DESKTOP (GLFW): Initialized successfully
INFO: TEXTURE: [ID 1] Texture loaded successfully (1x1 | R8G8B8A8 | 1 mipmaps)
INFO: TEXTURE: [ID 1] Default texture loaded successfully
INFO: SHADER: [ID 1] Vertex shader compiled successfully
INFO: SHADER: [ID 2] Fragment shader compiled successfully
INFO: SHADER: [ID 3] Program shader loaded successfully
INFO: SHADER: [ID 3] Default shader loaded successfully
INFO: RLGL: Render batch vertex buffers loaded successfully in RAM (CPU)
INFO: RLGL: Render batch vertex buffers loaded successfully in VRAM (GPU)
INFO: RLGL: Default OpenGL state initialized successfully
INFO: TEXTURE: [ID 2] Texture loaded successfully (128x128 | GRAY_ALPHA | 1 mipmaps)
INFO: FONT: Default font loaded successfully (224 glyphs)
INFO: TIMER: Target time per frame: 16.667 milliseconds
INFO: FILEIO: [./assets/images/beans.png] File loaded successfully
INFO: IMAGE: Data loaded successfully (559x556 | R8G8B8 | 1 mipmaps)
INFO: TEXTURE: [ID 3] Texture loaded successfully (559x556 | R8G8B8 | 1 mipmaps)
0.33333334 84.666664